0 info it worked if it ends with ok
1 verbose cli [ '/usr/local/bin/node', '/usr/local/bin/npm', 'run', 'serve' ]
2 info using npm@3.10.3
3 info using node@v6.3.1
4 verbose run-script [ 'preserve', 'serve', 'postserve' ]
5 info lifecycle gatsbro@1.0.0~preserve: gatsbro@1.0.0
6 silly lifecycle gatsbro@1.0.0~preserve: no script for preserve, continuing
7 info lifecycle gatsbro@1.0.0~serve: gatsbro@1.0.0
8 verbose lifecycle gatsbro@1.0.0~serve: unsafe-perm in lifecycle true
9 verbose lifecycle gatsbro@1.0.0~serve: PATH: /usr/local/lib/node_modules/npm/bin/node-gyp-bin:/Users/samantha/Documents/Sites/davis-legal/node_modules/.bin:/usr/local/bin:/usr/local/bin:/usr/bin:/bin:/usr/sbin:/sbin
10 verbose lifecycle gatsbro@1.0.0~serve: CWD: /Users/samantha/Documents/Sites/davis-legal
11 silly lifecycle gatsbro@1.0.0~serve: Args: [ '-c', 'gatsby serve' ]
12 silly lifecycle gatsbro@1.0.0~serve: Returned: code: 1  signal: null
13 info lifecycle gatsbro@1.0.0~serve: Failed to exec serve script
14 verbose stack Error: gatsbro@1.0.0 serve: `gatsby serve`
14 verbose stack Exit status 1
14 verbose stack     at EventEmitter.<anonymous> (/usr/local/lib/node_modules/npm/lib/utils/lifecycle.js:242:16)
14 verbose stack     at emitTwo (events.js:106:13)
14 verbose stack     at EventEmitter.emit (events.js:191:7)
14 verbose stack     at ChildProcess.<anonymous> (/usr/local/lib/node_modules/npm/lib/utils/spawn.js:40:14)
14 verbose stack     at emitTwo (events.js:106:13)
14 verbose stack     at ChildProcess.emit (events.js:191:7)
14 verbose stack     at maybeClose (internal/child_process.js:852:16)
14 verbose stack     at Process.ChildProcess._handle.onexit (internal/child_process.js:215:5)
15 verbose pkgid gatsbro@1.0.0
16 verbose cwd /Users/samantha/Documents/Sites/davis-legal
17 error Darwin 17.3.0
18 error argv "/usr/local/bin/node" "/usr/local/bin/npm" "run" "serve"
19 error node v6.3.1
20 error npm  v3.10.3
21 error code ELIFECYCLE
22 error gatsbro@1.0.0 serve: `gatsby serve`
22 error Exit status 1
23 error Failed at the gatsbro@1.0.0 serve script 'gatsby serve'.
23 error Make sure you have the latest version of node.js and npm installed.
23 error If you do, this is most likely a problem with the gatsbro package,
23 error not with npm itself.
23 error Tell the author that this fails on your system:
23 error     gatsby serve
23 error You can get information on how to open an issue for this project with:
23 error     npm bugs gatsbro
23 error Or if that isn't available, you can get their info via:
23 error     npm owner ls gatsbro
23 error There is likely additional logging output above.
24 verbose exit [ 1, true ]
